<?xml version="1.0" encoding="utf-8"?>
<test-run id="2" name="Memory.Timers.exe" fullname="C:/Users/filepc/Desktop/ulearn/Memory.Timers.csproj/bin/Debug/Memory.Timers.exe" testcasecount="5" result="Failed" start-time="2018-12-09 10:25:21Z" end-time="2018-12-09 10:25:22Z" duration="1.323451" total="5" passed="4" failed="1" inconclusive="0" skipped="0" asserts="3" random-seed="445611461">
  <command-line><![CDATA["C:\Users\filepc\Desktop\ulearn\Memory.Timers.csproj\bin\Debug\Memory.Timers.exe" ]]></command-line>
  <filter />
  <test-suite type="Assembly" id="1006" name="Memory.Timers.exe" fullname="C:/Users/filepc/Desktop/ulearn/Memory.Timers.csproj/bin/Debug/Memory.Timers.exe" runstate="Runnable" testcasecount="5" result="Failed" site="Child" start-time="2018-12-09 10:25:21Z" end-time="2018-12-09 10:25:22Z" duration="1.323451" total="5" passed="4" failed="1" warnings="0" inconclusive="0" skipped="0" asserts="3">
    <environment framework-version="3.6.0.0" clr-version="4.0.30319.42000" os-version="Microsoft Windows NT 6.2.9200.0" platform="Win32NT" cwd="C:\Users\filepc\Desktop\ulearn\Memory.Timers.csproj\bin\Debug" machine-name="MAX-PC" user="filepc" user-domain="MAX-PC" culture="ru-RU" uiculture="ru-RU" os-architecture="x86" />
    <settings>
      <setting name="WorkDirectory" value="C:\Users\filepc\Desktop\ulearn\Memory.Timers.csproj\bin\Debug" />
      <setting name="NumberOfTestWorkers" value="8" />
    </settings>
    <properties>
      <property name="_PID" value="3692" />
      <property name="_APPDOMAIN" value="Memory.Timers.exe" />
    </properties>
    <failure>
      <message><![CDATA[One or more child tests had errors]]></message>
    </failure>
    <test-suite type="TestSuite" id="1007" name="Memory" fullname="Memory" runstate="Runnable" testcasecount="5" result="Failed" site="Child" start-time="2018-12-09 10:25:21Z" end-time="2018-12-09 10:25:22Z" duration="1.313019" total="5" passed="4" failed="1" warnings="0" inconclusive="0" skipped="0" asserts="3">
      <failure>
        <message><![CDATA[One or more child tests had errors]]></message>
      </failure>
      <test-suite type="TestSuite" id="1008" name="Timers" fullname="Memory.Timers" runstate="Runnable" testcasecount="5" result="Failed" site="Child" start-time="2018-12-09 10:25:21Z" end-time="2018-12-09 10:25:22Z" duration="1.309672" total="5" passed="4" failed="1" warnings="0" inconclusive="0" skipped="0" asserts="3">
        <failure>
          <message><![CDATA[One or more child tests had errors]]></message>
        </failure>
        <test-suite type="TestFixture" id="1000" name="Timer_should" fullname="Memory.Timers.Timer_should" classname="Memory.Timers.Timer_should" runstate="Runnable" testcasecount="5" result="Failed" site="Child" start-time="2018-12-09 10:25:21Z" end-time="2018-12-09 10:25:22Z" duration="1.305769" total="5" passed="4" failed="1" warnings="0" inconclusive="0" skipped="0" asserts="3">
          <failure>
            <message><![CDATA[One or more child tests had errors]]></message>
          </failure>
          <test-case id="1001" name="WorkInSimplestCase" fullname="Memory.Timers.Timer_should.WorkInSimplestCase" methodname="WorkInSimplestCase" classname="Memory.Timers.Timer_should" runstate="Runnable" seed="657967665" result="Passed" start-time="2018-12-09 10:25:21Z" end-time="2018-12-09 10:25:21Z" duration="0.007404" asserts="0" />
          <test-case id="1004" name="WorkWithDeepNesting" fullname="Memory.Timers.Timer_should.WorkWithDeepNesting" methodname="WorkWithDeepNesting" classname="Memory.Timers.Timer_should" runstate="Runnable" seed="1690154418" result="Passed" start-time="2018-12-09 10:25:21Z" end-time="2018-12-09 10:25:21Z" duration="0.000390" asserts="0" />
          <test-case id="1003" name="WorkWithNesting" fullname="Memory.Timers.Timer_should.WorkWithNesting" methodname="WorkWithNesting" classname="Memory.Timers.Timer_should" runstate="Runnable" seed="1624414185" result="Passed" start-time="2018-12-09 10:25:21Z" end-time="2018-12-09 10:25:21Z" duration="0.000470" asserts="0" />
          <test-case id="1005" name="WorkWithNestingAndGiveCorrectTime" fullname="Memory.Timers.Timer_should.WorkWithNestingAndGiveCorrectTime" methodname="WorkWithNestingAndGiveCorrectTime" classname="Memory.Timers.Timer_should" runstate="Runnable" seed="1509198514" result="Failed" start-time="2018-12-09 10:25:21Z" end-time="2018-12-09 10:25:22Z" duration="1.277493" asserts="3">
            <failure>
              <message><![CDATA[  Expected: 3.0d +/- 1.0d
  But was:  7.6100000000000003d
]]></message>
              <stack-trace><![CDATA[в Memory.Timers.Timer_should.WorkWithNestingAndGiveCorrectTime() в C:\Users\filepc\Desktop\ulearn\Memory.Timers.csproj\Timer_should.cs:строка 109
]]></stack-trace>
            </failure>
            <assertions>
              <assertion result="Failed">
                <message><![CDATA[  Expected: 3.0d +/- 1.0d
  But was:  7.6100000000000003d
]]></message>
                <stack-trace><![CDATA[в Memory.Timers.Timer_should.WorkWithNestingAndGiveCorrectTime() в C:\Users\filepc\Desktop\ulearn\Memory.Timers.csproj\Timer_should.cs:строка 109
]]></stack-trace>
              </assertion>
            </assertions>
          </test-case>
          <test-case id="1002" name="WorkWithTimerName" fullname="Memory.Timers.Timer_should.WorkWithTimerName" methodname="WorkWithTimerName" classname="Memory.Timers.Timer_should" runstate="Runnable" seed="243297471" result="Passed" start-time="2018-12-09 10:25:22Z" end-time="2018-12-09 10:25:22Z" duration="0.000207" asserts="0" />
        </test-suite>
      </test-suite>
    </test-suite>
  </test-suite>
</test-run>